<?xml version="1.0" encoding="UTF-8"?>
<!-- Generated by org.testng.reporters.JUnitReportReporter -->
<testsuite hostname="WIN-GLF10487UOQ" failures="0" tests="3" name="week8.NewTest" time="6.658" errors="0" timestamp="2022-02-11T11:59:19 PST" skipped="0">
  <testcase classname="week8.NewTest" name="CustomerRegistration" time="3.011"/>
  <testcase classname="week8.NewTest" name="CustomerTransaction" time="2.587"/>
  <testcase classname="week8.NewTest" name="BankUserLogin" time="1.060"/>
</testsuite> <!-- week8.NewTest -->
