<?xml version="1.0" encoding="UTF-8"?>
<!-- Generated by org.testng.reporters.JUnitReportReporter -->
<testsuite hostname="WIN-GLF10487UOQ" failures="0" tests="1" name="week8.NewTest" time="1.475" errors="0" timestamp="2022-02-11T12:39:50 PST" skipped="0">
  <testcase classname="week8.NewTest" name="BankUserLogin" time="1.475"/>
</testsuite> <!-- week8.NewTest -->
