<?xml version="1.0" encoding="UTF-8"?>
<!-- Generated by org.testng.reporters.JUnitReportReporter -->
<testsuite hostname="WIN-GLF10487UOQ" failures="0" tests="3" name="week8.NewTest" time="6.911" errors="0" timestamp="2022-02-11T11:58:03 PST" skipped="0">
  <testcase classname="week8.NewTest" name="CustomerTransaction" time="2.529"/>
  <testcase classname="week8.NewTest" name="CustomerRegistration" time="3.260"/>
  <testcase classname="week8.NewTest" name="BankUserLogin" time="1.122"/>
</testsuite> <!-- week8.NewTest -->
