<?xml version="1.0" encoding="UTF-8"?>
<!-- Generated by org.testng.reporters.JUnitReportReporter -->
<testsuite skipped="0" hostname="WIN-GLF10487UOQ" name="week8.NewTest" tests="1" failures="0" timestamp="2022-02-11T12:59:39 PST" time="1.403" errors="0">
  <testcase name="BankUserLogin" time="1.403" classname="week8.NewTest"/>
</testsuite> <!-- week8.NewTest -->
